#-----------------------------#
#           PreTexT           #
#                             #
#    Implemented by LABIC     #
#-----------------------------#

#======== PARAMETERS =========#
 language     = en
 directory    = texts
 log file     = pretext.log

#-----------------------------#
#           Maid.pm           #
#-----------------------------#

#======== PARAMETERS =========#
 html clear   = ENABLED
 number clear = ENABLED
 simbol clear = ENABLED
 stoplist     = ENABLED
  > directory = stoplist
  > stopfile  = stoplist/ingl.xml
 stemming     = ENABLED
  > directory = steminfo

    ### STOP LIST ###
    Total StopWords 572
    Total StopFiles 1

Maid            :..........:..........:..........:..........:..........: OK

#-----------------------------#
#          NGram.pm           #
#-----------------------------#

#======== PARAMETERS =========#
 directory    = ngraminfo
  1-Gram      = ENABLED

Criando 1Gram   :..........:..........:..........:..........:..........: OK

#-----------------------------#
#          Report.pm          #
#-----------------------------#

#======== PARAMETERS =========#
 NGram Dir    = ngraminfo
 Discover Dir = data
 Graphics Dir = graphics
 Taxonomy     = taxonomy.txt
  1-Gram      = ENABLED
   > Max      = 1000
   > Min      = 100
   > Measure  = tf

    ### Taxonomy was NOT Loaded ###

#------ 1-Gram -----#
1Gram.all       :..........:..........:..........:..........:..........: OK
 Cut with user defined restriction max = 1000                0
 Cut with user defined restriction min = 100                 1895
 Number of 1-gram loaded from ngraminfo/1Gram.all            45

1Gram.txt       :..........:..........:..........:..........:..........: OK
 graphics/1-StdDev.dat created!
 graphics/1-StdDevFF.dat created!
 graphics/1-GnuPlot.script created!

Loading Term Frequency
Writing Measure :..........:..........:..........:..........:..........: OK

======= Summary =======
   N-Gram   : 1
Total Stems : 45
Total Texts : 10
-----------------------

Matrix Density                                               0.00

#--- Discovery Table ---#
Discover Data   :..........:..........:..........:..........:..........: OK
Number of Texts                                              10
Discover Names  :..........:..........:..........:..........:..........: OK
Number of Stems                                              45

#-------------------#
Total Time: 1
#-------------------#

