2018-10-17 20:45:47,635 - elsapy.elsclient - INFO - Module loaded.
2018-10-17 21:01:02,033 - elsapy.elsclient - INFO - Module loaded.
2018-10-17 21:01:02,034 - elsapy.elsentity - INFO - Module loaded.
2018-10-17 21:01:02,034 - elsapy.elsprofile - INFO - Module loaded.
2018-10-17 21:01:02,035 - elsapy.elsdoc - INFO - Module loaded.
2018-10-17 21:01:02,035 - elsapy.elssearch - INFO - Module loaded.
2018-10-17 21:01:51,678 - elsapy.elsclient - INFO - Module loaded.
2018-10-17 21:01:51,678 - elsapy.elsentity - INFO - Module loaded.
2018-10-17 21:01:51,679 - elsapy.elsprofile - INFO - Module loaded.
2018-10-17 21:01:51,679 - elsapy.elsdoc - INFO - Module loaded.
2018-10-17 21:01:51,679 - elsapy.elssearch - INFO - Module loaded.
2018-10-17 21:01:52,679 - elsapy.elsclient - INFO - Sending GET request to https://api.elsevier.com/content/author/author_id/7004367821
2018-10-17 21:01:54,130 - elsapy.elsentity - WARNING - HTTP 401 Error from https://api.elsevier.com/content/author/author_id/7004367821
and using headers {'X-ELS-APIKey': 'b29099098519c38c89057349200957da', 'User-Agent': 'elsapy-v0.4.6', 'Accept': 'application/json', 'X-ELS-Insttoken': 'ENTER_INSTTOKEN_HERE_IF_YOU_HAVE_ONE_ELSE_DELETE'}:
{"service-error":{"status":{"statusCode":"AUTHENTICATION_ERROR","statusText":"Institution Token is not associated with API Key"}}}
2018-10-17 21:01:55,130 - elsapy.elsclient - INFO - Sending GET request to https://api.elsevier.com/content/affiliation/affiliation_id/60101411
2018-10-17 21:01:56,273 - elsapy.elsentity - WARNING - HTTP 401 Error from https://api.elsevier.com/content/affiliation/affiliation_id/60101411
and using headers {'X-ELS-APIKey': 'b29099098519c38c89057349200957da', 'User-Agent': 'elsapy-v0.4.6', 'Accept': 'application/json', 'X-ELS-Insttoken': 'ENTER_INSTTOKEN_HERE_IF_YOU_HAVE_ONE_ELSE_DELETE'}:
{"service-error":{"status":{"statusCode":"AUTHENTICATION_ERROR","statusText":"Institution Token is not associated with API Key"}}}
2018-10-17 21:01:57,274 - elsapy.elsclient - INFO - Sending GET request to https://api.elsevier.com/content/abstract/scopus_id/84872135457
2018-10-17 21:01:58,127 - elsapy.elsentity - WARNING - HTTP 401 Error from https://api.elsevier.com/content/abstract/scopus_id/84872135457
and using headers {'X-ELS-APIKey': 'b29099098519c38c89057349200957da', 'User-Agent': 'elsapy-v0.4.6', 'Accept': 'application/json', 'X-ELS-Insttoken': 'ENTER_INSTTOKEN_HERE_IF_YOU_HAVE_ONE_ELSE_DELETE'}:
{"service-error":{"status":{"statusCode":"AUTHENTICATION_ERROR","statusText":"Institution Token is not associated with API Key"}}}
2018-10-17 21:01:59,128 - elsapy.elsclient - INFO - Sending GET request to https://api.elsevier.com/content/article/pii/S1674927814000082
2018-10-17 21:02:00,147 - elsapy.elsentity - WARNING - HTTP 401 Error from https://api.elsevier.com/content/article/pii/S1674927814000082
and using headers {'X-ELS-APIKey': 'b29099098519c38c89057349200957da', 'User-Agent': 'elsapy-v0.4.6', 'Accept': 'application/json', 'X-ELS-Insttoken': 'ENTER_INSTTOKEN_HERE_IF_YOU_HAVE_ONE_ELSE_DELETE'}:
{"service-error":{"status":{"statusCode":"AUTHENTICATION_ERROR","statusText":"Institution Token is not associated with API Key"}}}
2018-10-17 21:02:01,148 - elsapy.elsclient - INFO - Sending GET request to https://api.elsevier.com/content/article/doi/10.1016/S1525-1578(10)60571-5
2018-10-17 21:02:02,184 - elsapy.elsentity - WARNING - HTTP 401 Error from https://api.elsevier.com/content/article/doi/10.1016/S1525-1578(10)60571-5
and using headers {'X-ELS-APIKey': 'b29099098519c38c89057349200957da', 'User-Agent': 'elsapy-v0.4.6', 'Accept': 'application/json', 'X-ELS-Insttoken': 'ENTER_INSTTOKEN_HERE_IF_YOU_HAVE_ONE_ELSE_DELETE'}:
{"service-error":{"status":{"statusCode":"AUTHENTICATION_ERROR","statusText":"Institution Token is not associated with API Key"}}}
2018-10-17 21:02:09,398 - elsapy.elsclient - INFO - Sending GET request to https://api.elsevier.com/content/author/author_id/7004367821?view=documents
2018-10-17 21:02:10,236 - elsapy.elsprofile - WARNING - ('HTTP 400 Error from https://api.elsevier.com/content/author/author_id/7004367821?view=documents\nand using headers {\'X-ELS-APIKey\': \'b29099098519c38c89057349200957da\', \'User-Agent\': \'elsapy-v0.4.6\', \'Accept\': \'application/json\', \'X-ELS-Insttoken\': \'ENTER_INSTTOKEN_HERE_IF_YOU_HAVE_ONE_ELSE_DELETE\'}:\n{"service-error":{"status":{"statusCode":"INVALID_INPUT","statusText":"View parameter entered is not valid for this service"}}}',)
2018-10-17 21:02:11,237 - elsapy.elsclient - INFO - Sending GET request to https://api.elsevier.com/content/affiliation/affiliation_id/60101411?view=documents
2018-10-17 21:02:12,055 - elsapy.elsprofile - WARNING - ('HTTP 400 Error from https://api.elsevier.com/content/affiliation/affiliation_id/60101411?view=documents\nand using headers {\'X-ELS-APIKey\': \'b29099098519c38c89057349200957da\', \'User-Agent\': \'elsapy-v0.4.6\', \'Accept\': \'application/json\', \'X-ELS-Insttoken\': \'ENTER_INSTTOKEN_HERE_IF_YOU_HAVE_ONE_ELSE_DELETE\'}:\n{"service-error":{"status":{"statusCode":"INVALID_INPUT","statusText":"View parameter entered is not valid for this service"}}}',)
2018-10-17 21:02:13,056 - elsapy.elsclient - INFO - Sending GET request to https://api.elsevier.com/content/search/author?query=authlast(keuskamp)
2018-10-17 21:03:08,726 - elsapy.elsclient - INFO - Module loaded.
2018-10-17 21:03:08,726 - elsapy.elsentity - INFO - Module loaded.
2018-10-17 21:03:08,727 - elsapy.elsprofile - INFO - Module loaded.
2018-10-17 21:03:08,727 - elsapy.elsdoc - INFO - Module loaded.
2018-10-17 21:03:08,728 - elsapy.elssearch - INFO - Module loaded.
2018-10-17 21:03:09,727 - elsapy.elsclient - INFO - Sending GET request to https://api.elsevier.com/content/author/author_id/7004367821
2018-10-17 21:03:10,495 - elsapy.elsentity - WARNING - HTTP 401 Error from https://api.elsevier.com/content/author/author_id/7004367821
and using headers {'X-ELS-APIKey': 'b29099098519c38c89057349200957da', 'User-Agent': 'elsapy-v0.4.6', 'Accept': 'application/json'}:
{"service-error":{"status":{"statusCode":"AUTHORIZATION_ERROR","statusText":"The requestor is not authorized to access the requested view or fields of the resource"}}}
2018-10-17 21:03:11,495 - elsapy.elsclient - INFO - Sending GET request to https://api.elsevier.com/content/affiliation/affiliation_id/60101411
2018-10-17 21:03:12,211 - elsapy.elsentity - WARNING - HTTP 401 Error from https://api.elsevier.com/content/affiliation/affiliation_id/60101411
and using headers {'X-ELS-APIKey': 'b29099098519c38c89057349200957da', 'User-Agent': 'elsapy-v0.4.6', 'Accept': 'application/json'}:
{"service-error":{"status":{"statusCode":"AUTHORIZATION_ERROR","statusText":"The requestor is not authorized to access the requested view or fields of the resource"}}}
2018-10-17 21:03:13,211 - elsapy.elsclient - INFO - Sending GET request to https://api.elsevier.com/content/abstract/scopus_id/84872135457
2018-10-17 21:03:14,244 - elsapy.elsentity - INFO - Data loaded for https://api.elsevier.com/content/abstract/scopus_id/84872135457
2018-10-17 21:03:14,245 - elsapy.elsentity - INFO - Wrote https://api.elsevier.com/content/abstract/scopus_id/84872135457 to file
2018-10-17 21:03:15,245 - elsapy.elsclient - INFO - Sending GET request to https://api.elsevier.com/content/article/pii/S1674927814000082
2018-10-17 21:03:16,452 - elsapy.elsentity - INFO - Data loaded for https://api.elsevier.com/content/article/pii/S1674927814000082
2018-10-17 21:03:16,455 - elsapy.elsentity - INFO - Wrote https://api.elsevier.com/content/article/pii/S1674927814000082 to file
2018-10-17 21:03:17,452 - elsapy.elsclient - INFO - Sending GET request to https://api.elsevier.com/content/article/doi/10.1016/S1525-1578(10)60571-5
2018-10-17 21:03:18,811 - elsapy.elsentity - INFO - Data loaded for https://api.elsevier.com/content/article/doi/10.1016/S1525-1578(10)60571-5
2018-10-17 21:03:18,815 - elsapy.elsentity - INFO - Wrote https://api.elsevier.com/content/article/doi/10.1016/S1525-1578(10)60571-5 to file
2018-10-17 21:03:30,749 - elsapy.elsclient - INFO - Sending GET request to https://api.elsevier.com/content/author/author_id/7004367821?view=documents
2018-10-17 21:03:31,451 - elsapy.elsprofile - WARNING - ('HTTP 400 Error from https://api.elsevier.com/content/author/author_id/7004367821?view=documents\nand using headers {\'X-ELS-APIKey\': \'b29099098519c38c89057349200957da\', \'User-Agent\': \'elsapy-v0.4.6\', \'Accept\': \'application/json\'}:\n{"service-error":{"status":{"statusCode":"INVALID_INPUT","statusText":"View parameter entered is not valid for this service"}}}',)
2018-10-17 21:03:32,452 - elsapy.elsclient - INFO - Sending GET request to https://api.elsevier.com/content/affiliation/affiliation_id/60101411?view=documents
2018-10-17 21:03:33,159 - elsapy.elsprofile - WARNING - ('HTTP 400 Error from https://api.elsevier.com/content/affiliation/affiliation_id/60101411?view=documents\nand using headers {\'X-ELS-APIKey\': \'b29099098519c38c89057349200957da\', \'User-Agent\': \'elsapy-v0.4.6\', \'Accept\': \'application/json\'}:\n{"service-error":{"status":{"statusCode":"INVALID_INPUT","statusText":"View parameter entered is not valid for this service"}}}',)
2018-10-17 21:03:34,160 - elsapy.elsclient - INFO - Sending GET request to https://api.elsevier.com/content/search/author?query=authlast(keuskamp)
2018-10-17 21:15:07,640 - elsapy.elsclient - INFO - Module loaded.
2018-10-17 21:15:07,641 - elsapy.elsentity - INFO - Module loaded.
2018-10-17 21:15:07,641 - elsapy.elsprofile - INFO - Module loaded.
2018-10-17 21:15:07,641 - elsapy.elsdoc - INFO - Module loaded.
2018-10-17 21:15:07,642 - elsapy.elssearch - INFO - Module loaded.
2018-10-17 21:15:08,641 - elsapy.elsclient - INFO - Sending GET request to https://api.elsevier.com/content/author/author_id/7004367821
2018-10-17 21:15:09,596 - elsapy.elsentity - WARNING - HTTP 401 Error from https://api.elsevier.com/content/author/author_id/7004367821
and using headers {'X-ELS-APIKey': '56c667e47c588caa7949591daf39d8a0', 'User-Agent': 'elsapy-v0.4.6', 'Accept': 'application/json'}:
{"service-error":{"status":{"statusCode":"AUTHORIZATION_ERROR","statusText":"The requestor is not authorized to access the requested view or fields of the resource"}}}
2018-10-17 21:15:10,597 - elsapy.elsclient - INFO - Sending GET request to https://api.elsevier.com/content/affiliation/affiliation_id/60101411
2018-10-17 21:15:11,300 - elsapy.elsentity - WARNING - HTTP 401 Error from https://api.elsevier.com/content/affiliation/affiliation_id/60101411
and using headers {'X-ELS-APIKey': '56c667e47c588caa7949591daf39d8a0', 'User-Agent': 'elsapy-v0.4.6', 'Accept': 'application/json'}:
{"service-error":{"status":{"statusCode":"AUTHORIZATION_ERROR","statusText":"The requestor is not authorized to access the requested view or fields of the resource"}}}
2018-10-17 21:15:12,301 - elsapy.elsclient - INFO - Sending GET request to https://api.elsevier.com/content/abstract/scopus_id/84872135457
2018-10-17 21:15:13,426 - elsapy.elsentity - INFO - Data loaded for https://api.elsevier.com/content/abstract/scopus_id/84872135457
2018-10-17 21:15:13,427 - elsapy.elsentity - INFO - Wrote https://api.elsevier.com/content/abstract/scopus_id/84872135457 to file
2018-10-17 21:15:14,426 - elsapy.elsclient - INFO - Sending GET request to https://api.elsevier.com/content/article/pii/S1674927814000082
2018-10-17 21:15:15,598 - elsapy.elsentity - INFO - Data loaded for https://api.elsevier.com/content/article/pii/S1674927814000082
2018-10-17 21:15:15,600 - elsapy.elsentity - INFO - Wrote https://api.elsevier.com/content/article/pii/S1674927814000082 to file
2018-10-17 21:15:16,598 - elsapy.elsclient - INFO - Sending GET request to https://api.elsevier.com/content/article/doi/10.1016/S1525-1578(10)60571-5
2018-10-17 21:15:17,803 - elsapy.elsentity - INFO - Data loaded for https://api.elsevier.com/content/article/doi/10.1016/S1525-1578(10)60571-5
2018-10-17 21:15:17,806 - elsapy.elsentity - INFO - Wrote https://api.elsevier.com/content/article/doi/10.1016/S1525-1578(10)60571-5 to file
2018-10-17 21:15:26,512 - elsapy.elsclient - INFO - Sending GET request to https://api.elsevier.com/content/search/author?query=authlast(keuskamp)
2018-10-17 21:18:12,816 - elsapy.elsclient - INFO - Module loaded.
2018-10-17 21:18:12,817 - elsapy.elsentity - INFO - Module loaded.
2018-10-17 21:18:12,817 - elsapy.elsprofile - INFO - Module loaded.
2018-10-17 21:18:12,817 - elsapy.elsdoc - INFO - Module loaded.
2018-10-17 21:18:12,818 - elsapy.elssearch - INFO - Module loaded.
2018-10-17 21:18:13,817 - elsapy.elsclient - INFO - Sending GET request to https://api.elsevier.com/content/author/author_id/7004367821
2018-10-17 21:18:14,804 - elsapy.elsentity - WARNING - HTTP 401 Error from https://api.elsevier.com/content/author/author_id/7004367821
and using headers {'X-ELS-APIKey': '56c667e47c588caa7949591daf39d8a0', 'User-Agent': 'elsapy-v0.4.6', 'Accept': 'application/json'}:
{"service-error":{"status":{"statusCode":"AUTHORIZATION_ERROR","statusText":"The requestor is not authorized to access the requested view or fields of the resource"}}}
2018-10-17 21:18:15,805 - elsapy.elsclient - INFO - Sending GET request to https://api.elsevier.com/content/affiliation/affiliation_id/60101411
2018-10-17 21:18:16,533 - elsapy.elsentity - WARNING - HTTP 401 Error from https://api.elsevier.com/content/affiliation/affiliation_id/60101411
and using headers {'X-ELS-APIKey': '56c667e47c588caa7949591daf39d8a0', 'User-Agent': 'elsapy-v0.4.6', 'Accept': 'application/json'}:
{"service-error":{"status":{"statusCode":"AUTHORIZATION_ERROR","statusText":"The requestor is not authorized to access the requested view or fields of the resource"}}}
2018-10-17 21:18:17,535 - elsapy.elsclient - INFO - Sending GET request to https://api.elsevier.com/content/abstract/scopus_id/84872135457
2018-10-17 21:18:18,864 - elsapy.elsentity - INFO - Data loaded for https://api.elsevier.com/content/abstract/scopus_id/84872135457
2018-10-17 21:18:18,865 - elsapy.elsentity - INFO - Wrote https://api.elsevier.com/content/abstract/scopus_id/84872135457 to file
2018-10-17 21:18:19,863 - elsapy.elsclient - INFO - Sending GET request to https://api.elsevier.com/content/article/pii/S1674927814000082
2018-10-17 21:18:20,832 - elsapy.elsentity - INFO - Data loaded for https://api.elsevier.com/content/article/pii/S1674927814000082
2018-10-17 21:18:20,833 - elsapy.elsentity - INFO - Wrote https://api.elsevier.com/content/article/pii/S1674927814000082 to file
2018-10-17 21:18:21,833 - elsapy.elsclient - INFO - Sending GET request to https://api.elsevier.com/content/article/doi/10.1016/S1525-1578(10)60571-5
2018-10-17 21:18:23,074 - elsapy.elsentity - INFO - Data loaded for https://api.elsevier.com/content/article/doi/10.1016/S1525-1578(10)60571-5
2018-10-17 21:18:23,076 - elsapy.elsentity - INFO - Wrote https://api.elsevier.com/content/article/doi/10.1016/S1525-1578(10)60571-5 to file
2018-10-17 21:20:39,706 - elsapy.elsclient - INFO - Module loaded.
2018-10-17 21:20:39,707 - elsapy.elsentity - INFO - Module loaded.
2018-10-17 21:20:39,707 - elsapy.elsprofile - INFO - Module loaded.
2018-10-17 21:20:39,707 - elsapy.elsdoc - INFO - Module loaded.
2018-10-17 21:20:39,708 - elsapy.elssearch - INFO - Module loaded.
2018-10-17 21:20:40,707 - elsapy.elsclient - INFO - Sending GET request to https://api.elsevier.com/content/author/author_id/7004367821
2018-10-17 21:20:41,881 - elsapy.elsentity - WARNING - HTTP 401 Error from https://api.elsevier.com/content/author/author_id/7004367821
and using headers {'X-ELS-APIKey': '56c667e47c588caa7949591daf39d8a0', 'User-Agent': 'elsapy-v0.4.6', 'Accept': 'application/json'}:
{"service-error":{"status":{"statusCode":"AUTHORIZATION_ERROR","statusText":"The requestor is not authorized to access the requested view or fields of the resource"}}}
2018-10-17 21:20:42,882 - elsapy.elsclient - INFO - Sending GET request to https://api.elsevier.com/content/affiliation/affiliation_id/60101411
2018-10-17 21:20:43,580 - elsapy.elsentity - WARNING - HTTP 401 Error from https://api.elsevier.com/content/affiliation/affiliation_id/60101411
and using headers {'X-ELS-APIKey': '56c667e47c588caa7949591daf39d8a0', 'User-Agent': 'elsapy-v0.4.6', 'Accept': 'application/json'}:
{"service-error":{"status":{"statusCode":"AUTHORIZATION_ERROR","statusText":"The requestor is not authorized to access the requested view or fields of the resource"}}}
2018-10-17 21:20:44,581 - elsapy.elsclient - INFO - Sending GET request to https://api.elsevier.com/content/abstract/scopus_id/84872135457
2018-10-17 21:20:45,541 - elsapy.elsentity - INFO - Data loaded for https://api.elsevier.com/content/abstract/scopus_id/84872135457
2018-10-17 21:20:45,542 - elsapy.elsentity - INFO - Wrote https://api.elsevier.com/content/abstract/scopus_id/84872135457 to file
2018-10-17 21:20:46,541 - elsapy.elsclient - INFO - Sending GET request to https://api.elsevier.com/content/article/pii/S1674927814000082
2018-10-17 21:20:47,695 - elsapy.elsentity - INFO - Data loaded for https://api.elsevier.com/content/article/pii/S1674927814000082
2018-10-17 21:20:47,697 - elsapy.elsentity - INFO - Wrote https://api.elsevier.com/content/article/pii/S1674927814000082 to file
2018-10-17 21:20:48,695 - elsapy.elsclient - INFO - Sending GET request to https://api.elsevier.com/content/article/doi/10.1016/S1525-1578(10)60571-5
2018-10-17 21:20:49,976 - elsapy.elsentity - INFO - Data loaded for https://api.elsevier.com/content/article/doi/10.1016/S1525-1578(10)60571-5
2018-10-17 21:20:49,980 - elsapy.elsentity - INFO - Wrote https://api.elsevier.com/content/article/doi/10.1016/S1525-1578(10)60571-5 to file
2018-10-17 21:22:36,658 - elsapy.elsclient - INFO - Module loaded.
2018-10-17 21:22:36,659 - elsapy.elsentity - INFO - Module loaded.
2018-10-17 21:22:36,659 - elsapy.elsprofile - INFO - Module loaded.
2018-10-17 21:22:36,660 - elsapy.elsdoc - INFO - Module loaded.
2018-10-17 21:22:36,660 - elsapy.elssearch - INFO - Module loaded.
2018-10-17 21:22:37,659 - elsapy.elsclient - INFO - Sending GET request to https://api.elsevier.com/content/search/author?query=authlast(keuskamp)
2018-10-17 21:25:13,511 - elsapy.elsclient - INFO - Module loaded.
2018-10-17 21:25:13,512 - elsapy.elsentity - INFO - Module loaded.
2018-10-17 21:25:13,512 - elsapy.elsprofile - INFO - Module loaded.
2018-10-17 21:25:13,512 - elsapy.elsdoc - INFO - Module loaded.
2018-10-17 21:25:13,513 - elsapy.elssearch - INFO - Module loaded.
2018-10-17 21:25:14,512 - elsapy.elsclient - INFO - Sending GET request to https://api.elsevier.com/content/search/scopus?query=star+trek+vs+star+wars
2018-10-17 21:25:18,549 - elsapy.elsclient - INFO - Sending GET request to https://api.elsevier.com/content/search/scopus?start=25&count=25&query=star+trek+vs+star+wars
2018-10-17 21:25:22,180 - elsapy.elsclient - INFO - Sending GET request to https://api.elsevier.com/content/search/scopus?start=50&count=25&query=star+trek+vs+star+wars
2018-10-17 21:25:25,340 - elsapy.elsclient - INFO - Sending GET request to https://api.elsevier.com/content/search/scopus?start=75&count=25&query=star+trek+vs+star+wars
2018-10-17 21:25:28,647 - elsapy.elsclient - INFO - Sending GET request to https://api.elsevier.com/content/search/scopus?start=100&count=25&query=star+trek+vs+star+wars
2018-10-17 21:25:31,217 - elsapy.elsclient - INFO - Sending GET request to https://api.elsevier.com/content/search/scopus?start=125&count=25&query=star+trek+vs+star+wars
2018-10-17 21:25:33,775 - elsapy.elsclient - INFO - Sending GET request to https://api.elsevier.com/content/search/scopus?start=150&count=25&query=star+trek+vs+star+wars
2018-10-17 21:25:37,259 - elsapy.elsclient - INFO - Sending GET request to https://api.elsevier.com/content/search/scopus?start=175&count=25&query=star+trek+vs+star+wars
2018-10-17 21:25:39,739 - elsapy.elsclient - INFO - Sending GET request to https://api.elsevier.com/content/search/scopus?start=200&count=25&query=star+trek+vs+star+wars
