2018-10-18 19:37:12,201 - elsapy.elsclient - INFO - Module loaded.
2018-10-18 19:37:12,203 - elsapy.elsentity - INFO - Module loaded.
2018-10-18 19:37:12,203 - elsapy.elsprofile - INFO - Module loaded.
2018-10-18 19:37:12,204 - elsapy.elsdoc - INFO - Module loaded.
2018-10-18 19:37:12,206 - elsapy.elssearch - INFO - Module loaded.
2018-10-18 19:37:13,202 - elsapy.elsclient - INFO - Sending GET request to https://api.elsevier.com/content/search/scopus?query=star+trek+vs+star+wars
2018-10-18 19:37:16,949 - elsapy.elsclient - INFO - Sending GET request to https://api.elsevier.com/content/search/scopus?start=25&count=25&query=star+trek+vs+star+wars
2018-10-18 19:37:20,112 - elsapy.elsclient - INFO - Sending GET request to https://api.elsevier.com/content/search/scopus?start=50&count=25&query=star+trek+vs+star+wars
2018-10-18 19:37:22,903 - elsapy.elsclient - INFO - Sending GET request to https://api.elsevier.com/content/search/scopus?start=75&count=25&query=star+trek+vs+star+wars
2018-10-18 19:37:26,413 - elsapy.elsclient - INFO - Sending GET request to https://api.elsevier.com/content/search/scopus?start=100&count=25&query=star+trek+vs+star+wars
2018-10-18 19:37:28,922 - elsapy.elsclient - INFO - Sending GET request to https://api.elsevier.com/content/search/scopus?start=125&count=25&query=star+trek+vs+star+wars
2018-10-18 19:37:32,133 - elsapy.elsclient - INFO - Sending GET request to https://api.elsevier.com/content/search/scopus?start=150&count=25&query=star+trek+vs+star+wars
2018-10-18 19:37:34,719 - elsapy.elsclient - INFO - Sending GET request to https://api.elsevier.com/content/search/scopus?start=175&count=25&query=star+trek+vs+star+wars
2018-10-18 19:37:37,192 - elsapy.elsclient - INFO - Sending GET request to https://api.elsevier.com/content/search/scopus?start=200&count=25&query=star+trek+vs+star+wars
2018-10-18 19:44:26,956 - elsapy.elsclient - INFO - Module loaded.
2018-10-18 19:44:26,956 - elsapy.elsentity - INFO - Module loaded.
2018-10-18 19:44:26,957 - elsapy.elsprofile - INFO - Module loaded.
2018-10-18 19:44:26,957 - elsapy.elsdoc - INFO - Module loaded.
2018-10-18 19:44:26,957 - elsapy.elssearch - INFO - Module loaded.
2018-10-18 19:44:27,957 - elsapy.elsclient - INFO - Sending GET request to https://api.elsevier.com/content/search/scopus?query=star+trek+vs+star+wars
2018-10-18 19:44:30,548 - elsapy.elsclient - INFO - Sending GET request to https://api.elsevier.com/content/search/scopus?start=25&count=25&query=star+trek+vs+star+wars
2018-10-18 19:44:33,907 - elsapy.elsclient - INFO - Sending GET request to https://api.elsevier.com/content/search/scopus?start=50&count=25&query=star+trek+vs+star+wars
2018-10-18 19:44:36,524 - elsapy.elsclient - INFO - Sending GET request to https://api.elsevier.com/content/search/scopus?start=75&count=25&query=star+trek+vs+star+wars
2018-10-18 19:44:39,679 - elsapy.elsclient - INFO - Sending GET request to https://api.elsevier.com/content/search/scopus?start=100&count=25&query=star+trek+vs+star+wars
2018-10-18 19:44:42,026 - elsapy.elsclient - INFO - Sending GET request to https://api.elsevier.com/content/search/scopus?start=125&count=25&query=star+trek+vs+star+wars
2018-10-18 19:44:44,466 - elsapy.elsclient - INFO - Sending GET request to https://api.elsevier.com/content/search/scopus?start=150&count=25&query=star+trek+vs+star+wars
2018-10-18 19:44:47,523 - elsapy.elsclient - INFO - Sending GET request to https://api.elsevier.com/content/search/scopus?start=175&count=25&query=star+trek+vs+star+wars
2018-10-18 19:44:50,107 - elsapy.elsclient - INFO - Sending GET request to https://api.elsevier.com/content/search/scopus?start=200&count=25&query=star+trek+vs+star+wars
2018-10-18 19:49:31,451 - elsapy.elsclient - INFO - Module loaded.
2018-10-18 19:49:31,452 - elsapy.elssearch - INFO - Module loaded.
2018-10-18 19:49:32,453 - elsapy.elsclient - INFO - Sending GET request to https://api.elsevier.com/content/search/scopus?query=star+trek+vs+star+wars
2018-10-18 19:49:35,707 - elsapy.elsclient - INFO - Sending GET request to https://api.elsevier.com/content/search/scopus?start=25&count=25&query=star+trek+vs+star+wars
2018-10-18 19:49:38,630 - elsapy.elsclient - INFO - Sending GET request to https://api.elsevier.com/content/search/scopus?start=50&count=25&query=star+trek+vs+star+wars
2018-10-18 19:49:41,788 - elsapy.elsclient - INFO - Sending GET request to https://api.elsevier.com/content/search/scopus?start=75&count=25&query=star+trek+vs+star+wars
2018-10-18 19:49:45,203 - elsapy.elsclient - INFO - Sending GET request to https://api.elsevier.com/content/search/scopus?start=100&count=25&query=star+trek+vs+star+wars
2018-10-18 19:49:48,379 - elsapy.elsclient - INFO - Sending GET request to https://api.elsevier.com/content/search/scopus?start=125&count=25&query=star+trek+vs+star+wars
2018-10-18 19:49:51,021 - elsapy.elsclient - INFO - Sending GET request to https://api.elsevier.com/content/search/scopus?start=150&count=25&query=star+trek+vs+star+wars
2018-10-18 19:49:54,078 - elsapy.elsclient - INFO - Sending GET request to https://api.elsevier.com/content/search/scopus?start=175&count=25&query=star+trek+vs+star+wars
2018-10-18 19:49:56,386 - elsapy.elsclient - INFO - Sending GET request to https://api.elsevier.com/content/search/scopus?start=200&count=25&query=star+trek+vs+star+wars
2018-10-18 19:50:40,684 - elsapy.elsclient - INFO - Module loaded.
2018-10-18 19:50:40,684 - elsapy.elssearch - INFO - Module loaded.
2018-10-18 19:50:41,685 - elsapy.elsclient - INFO - Sending GET request to https://api.elsevier.com/content/search/scopus?query=star+trek+vs+star+wars
2018-10-18 19:50:43,836 - elsapy.elsclient - INFO - Sending GET request to https://api.elsevier.com/content/search/scopus?start=25&count=25&query=star+trek+vs+star+wars
2018-10-18 19:50:46,333 - elsapy.elsclient - INFO - Sending GET request to https://api.elsevier.com/content/search/scopus?start=50&count=25&query=star+trek+vs+star+wars
2018-10-18 19:50:48,753 - elsapy.elsclient - INFO - Sending GET request to https://api.elsevier.com/content/search/scopus?start=75&count=25&query=star+trek+vs+star+wars
2018-10-18 19:50:51,088 - elsapy.elsclient - INFO - Sending GET request to https://api.elsevier.com/content/search/scopus?start=100&count=25&query=star+trek+vs+star+wars
2018-10-18 19:50:53,469 - elsapy.elsclient - INFO - Sending GET request to https://api.elsevier.com/content/search/scopus?start=125&count=25&query=star+trek+vs+star+wars
2018-10-18 19:50:55,785 - elsapy.elsclient - INFO - Sending GET request to https://api.elsevier.com/content/search/scopus?start=150&count=25&query=star+trek+vs+star+wars
2018-10-18 19:50:58,486 - elsapy.elsclient - INFO - Sending GET request to https://api.elsevier.com/content/search/scopus?start=175&count=25&query=star+trek+vs+star+wars
2018-10-18 19:51:00,770 - elsapy.elsclient - INFO - Sending GET request to https://api.elsevier.com/content/search/scopus?start=200&count=25&query=star+trek+vs+star+wars
2018-10-18 19:57:29,572 - elsapy.elsclient - INFO - Module loaded.
2018-10-18 19:57:29,572 - elsapy.elssearch - INFO - Module loaded.
2018-10-18 19:57:30,573 - elsapy.elsclient - INFO - Sending GET request to https://api.elsevier.com/content/search/scopus?query=star+trek+vs+star+wars
2018-10-18 19:57:33,850 - elsapy.elsclient - INFO - Sending GET request to https://api.elsevier.com/content/search/scopus?start=25&count=25&query=star+trek+vs+star+wars
2018-10-18 19:57:37,198 - elsapy.elsclient - INFO - Sending GET request to https://api.elsevier.com/content/search/scopus?start=50&count=25&query=star+trek+vs+star+wars
2018-10-18 19:57:39,632 - elsapy.elsclient - INFO - Sending GET request to https://api.elsevier.com/content/search/scopus?start=75&count=25&query=star+trek+vs+star+wars
2018-10-18 19:57:42,323 - elsapy.elsclient - INFO - Sending GET request to https://api.elsevier.com/content/search/scopus?start=100&count=25&query=star+trek+vs+star+wars
2018-10-18 19:57:45,586 - elsapy.elsclient - INFO - Sending GET request to https://api.elsevier.com/content/search/scopus?start=125&count=25&query=star+trek+vs+star+wars
2018-10-18 19:57:47,955 - elsapy.elsclient - INFO - Sending GET request to https://api.elsevier.com/content/search/scopus?start=150&count=25&query=star+trek+vs+star+wars
2018-10-18 19:57:50,610 - elsapy.elsclient - INFO - Sending GET request to https://api.elsevier.com/content/search/scopus?start=175&count=25&query=star+trek+vs+star+wars
2018-10-18 19:57:53,783 - elsapy.elsclient - INFO - Sending GET request to https://api.elsevier.com/content/search/scopus?start=200&count=25&query=star+trek+vs+star+wars
